<?xml version="1.0" encoding="UTF-8"?>
<!-- Generated by org.testng.reporters.JUnitReportReporter -->
<testsuite hostname="P3BLAP-HK8R2B3" failures="0" tests="1" name="TestCases.LoginTest" time="26.761" errors="0" timestamp="2023-03-31T11:25:46 IST" skipped="0">
  <testcase classname="TestCases.LoginTest" name="login" time="26.761"/>
  <system-out/>
</testsuite> <!-- TestCases.LoginTest -->
