<?xml version="1.0" encoding="UTF-8"?>
<!-- Generated by org.testng.reporters.JUnitReportReporter -->
<testsuite hostname="P3BLAP-HK8R2B3" failures="0" tests="1" name="TestCases.TwoTest" time="24.317" errors="0" timestamp="2023-03-31T11:25:46 IST" skipped="0">
  <testcase classname="TestCases.TwoTest" name="title2" time="24.317"/>
  <system-out/>
</testsuite> <!-- TestCases.TwoTest -->
